SF:lib/insta_like_button.dart
DA:95,1
DA:111,1
DA:112,1
DA:125,1
DA:127,2
DA:128,1
DA:131,1
DA:134,2
DA:136,2
DA:139,5
DA:141,2
DA:142,1
DA:144,1
DA:145,2
DA:146,1
DA:147,3
DA:148,2
DA:153,1
DA:154,2
DA:155,1
DA:156,2
DA:157,3
DA:163,2
DA:165,1
DA:168,1
DA:170,1
DA:171,1
DA:172,2
DA:173,0
DA:174,0
DA:175,1
DA:181,2
DA:182,2
DA:183,2
DA:184,0
DA:185,3
DA:186,1
DA:187,1
DA:188,2
DA:189,2
DA:190,2
DA:191,2
DA:192,2
DA:193,2
DA:196,2
DA:200,2
DA:201,1
DA:202,1
DA:203,1
DA:204,2
DA:205,2
DA:207,3
DA:212,0
DA:214,0
DA:217,0
DA:219,0
DA:223,0
DA:228,0
DA:229,0
DA:230,0
DA:234,0
DA:235,0
DA:236,0
LF:63
LH:49
end_of_record
